Using pre-set license
Built from '2021.3/staging' branch; Version is '2021.3.4f1 (cb45f9cae8b7) revision 13321721'; Using compiler version '192829333'; Build Type 'Release'
OS: 'Windows 11  (10.0.22000) 64bit Professional' Language: 'ru' Physical Memory: 16319 MB
BatchMode: 1, IsHumanControllingUs: 0, StartBugReporterOnCrash: 0, Is64bit: 1, IsPro: 1

COMMAND LINE ARGUMENTS:
C:\Program Files\Unity\Hub\Editor\2021.3.4f1\Editor\Unity.exe
-adb2
-batchMode
-noUpm
-name
AssetImportWorker0
-projectPath
C:/UnityProjects/Ball Game
-logFile
Logs/AssetImportWorker0.log
-srvPort
56960
Successfully changed project path to: C:/UnityProjects/Ball Game
C:/UnityProjects/Ball Game
[UnityMemory] Configuration Parameters - Can be set up in boot.config
    "memorysetup-bucket-allocator-granularity=16"
    "memorysetup-bucket-allocator-bucket-count=8"
    "memorysetup-bucket-allocator-block-size=33554432"
    "memorysetup-bucket-allocator-block-count=8"
    "memorysetup-main-allocator-block-size=16777216"
    "memorysetup-thread-allocator-block-size=16777216"
    "memorysetup-gfx-main-allocator-block-size=16777216"
    "memorysetup-gfx-thread-allocator-block-size=16777216"
    "memorysetup-cache-allocator-block-size=4194304"
    "memorysetup-typetree-allocator-block-size=2097152"
    "memorysetup-profiler-bucket-allocator-granularity=16"
    "memorysetup-profiler-bucket-allocator-bucket-count=8"
    "memorysetup-profiler-bucket-allocator-block-size=33554432"
    "memorysetup-profiler-bucket-allocator-block-count=8"
    "memorysetup-profiler-allocator-block-size=16777216"
    "memorysetup-profiler-editor-allocator-block-size=1048576"
    "memorysetup-temp-allocator-size-main=16777216"
    "memorysetup-job-temp-allocator-block-size=2097152"
    "memorysetup-job-temp-allocator-block-size-background=1048576"
    "memorysetup-job-temp-allocator-reduction-small-platforms=262144"
    "memorysetup-temp-allocator-size-background-worker=32768"
    "memorysetup-temp-allocator-size-job-worker=262144"
    "memorysetup-temp-allocator-size-preload-manager=33554432"
    "memorysetup-temp-allocator-size-nav-mesh-worker=65536"
    "memorysetup-temp-allocator-size-audio-worker=65536"
    "memorysetup-temp-allocator-size-cloud-worker=32768"
    "memorysetup-temp-allocator-size-gi-baking-worker=262144"
    "memorysetup-temp-allocator-size-gfx=262144"
Refreshing native plugins compatible for Editor in 67.63 ms, found 3 plugins.
Preloading 0 native plugins for Editor in 0.00 ms.
Initialize engine version: 2021.3.4f1 (cb45f9cae8b7)
[Subsystems] Discovering subsystems at path C:/Program Files/Unity/Hub/Editor/2021.3.4f1/Editor/Data/Resources/UnitySubsystems
[Subsystems] Discovering subsystems at path C:/UnityProjects/Ball Game/Assets
GfxDevice: creating device client; threaded=0; jobified=0
Direct3D:
    Version:  Direct3D 11.0 [level 11.1]
    Renderer: NVIDIA GeForce GTX 1070 Ti (ID=0x1b82)
    Vendor:   NVIDIA
    VRAM:     8079 MB
    Driver:   30.0.15.1296
Initialize mono
Mono path[0] = 'C:/Program Files/Unity/Hub/Editor/2021.3.4f1/Editor/Data/Managed'
Mono path[1] = 'C:/Program Files/Unity/Hub/Editor/2021.3.4f1/Editor/Data/MonoBleedingEdge/lib/mono/unityjit-win32'
Mono config path = 'C:/Program Files/Unity/Hub/Editor/2021.3.4f1/Editor/Data/MonoBleedingEdge/etc'
Using monoOptions --debugger-agent=transport=dt_socket,embedding=1,server=y,suspend=n,address=127.0.0.1:56900
Begin MonoManager ReloadAssembly
Registering precompiled unity dll's ...
Register platform support module: C:/Program Files/Unity/Hub/Editor/2021.3.4f1/Editor/Data/PlaybackEngines/AndroidPlayer/UnityEditor.Android.Extensions.dll
Register platform support module: C:/Program Files/Unity/Hub/Editor/2021.3.4f1/Editor/Data/PlaybackEngines/WindowsStandaloneSupport/UnityEditor.WindowsStandalone.Extensions.dll
Registered in 0.002286 seconds.
Native extension for WindowsStandalone target not found
Native extension for Android target not found
Refreshing native plugins compatible for Editor in 69.79 ms, found 3 plugins.
Preloading 0 native plugins for Editor in 0.00 ms.
Mono: successfully reloaded assembly
- Completed reload, in  0.529 seconds
Domain Reload Profiling:
	ReloadAssembly (529ms)
		BeginReloadAssembly (54ms)
			ExecutionOrderSort (0ms)
			DisableScriptedObjects (0ms)
			BackupInstance (0ms)
			ReleaseScriptingObjects (0ms)
			CreateAndSetChildDomain (1ms)
		EndReloadAssembly (394ms)
			LoadAssemblies (53ms)
			RebuildTransferFunctionScriptingTraits (0ms)
			SetupTypeCache (89ms)
			ReleaseScriptCaches (0ms)
			RebuildScriptCaches (23ms)
			SetupLoadedEditorAssemblies (242ms)
				LogAssemblyErrors (0ms)
				InitializePlatformSupportModulesInManaged (46ms)
				SetLoadedEditorAssemblies (0ms)
				RefreshPlugins (70ms)
				BeforeProcessingInitializeOnLoad (1ms)
				ProcessInitializeOnLoadAttributes (86ms)
				ProcessInitializeOnLoadMethodAttributes (39ms)
				AfterProcessingInitializeOnLoad (0ms)
				EditorAssembliesLoaded (0ms)
			ExecutionOrderSort2 (0ms)
			AwakeInstancesAfterBackupRestoration (0ms)
Platform modules already initialized, skipping
Registering precompiled user dll's ...
Registered in 0.002844 seconds.
Begin MonoManager ReloadAssembly
Symbol file LoadedFromMemory doesn't match image C:\UnityProjects\Ball Game\Library\PackageCache\com.unity.visualscripting@1.7.8\Editor\VisualScripting.Core\Dependencies\YamlDotNet\Unity.VisualScripting.YamlDotNet.dll
Symbol file LoadedFromMemory doesn't match image C:\UnityProjects\Ball Game\Library\PackageCache\com.unity.visualscripting@1.7.8\Editor\VisualScripting.Core\Dependencies\DotNetZip\Unity.VisualScripting.IonicZip.dll
Native extension for WindowsStandalone target not found
Native extension for Android target not found
Refreshing native plugins compatible for Editor in 0.48 ms, found 3 plugins.
Preloading 0 native plugins for Editor in 0.01 ms.
Mono: successfully reloaded assembly
- Completed reload, in  0.949 seconds
Domain Reload Profiling:
	ReloadAssembly (950ms)
		BeginReloadAssembly (184ms)
			ExecutionOrderSort (0ms)
			DisableScriptedObjects (5ms)
			BackupInstance (0ms)
			ReleaseScriptingObjects (0ms)
			CreateAndSetChildDomain (117ms)
		EndReloadAssembly (670ms)
			LoadAssemblies (57ms)
			RebuildTransferFunctionScriptingTraits (0ms)
			SetupTypeCache (226ms)
			ReleaseScriptCaches (1ms)
			RebuildScriptCaches (42ms)
			SetupLoadedEditorAssemblies (306ms)
				LogAssemblyErrors (0ms)
				InitializePlatformSupportModulesInManaged (11ms)
				SetLoadedEditorAssemblies (0ms)
				RefreshPlugins (1ms)
				BeforeProcessingInitializeOnLoad (67ms)
				ProcessInitializeOnLoadAttributes (201ms)
				ProcessInitializeOnLoadMethodAttributes (24ms)
				AfterProcessingInitializeOnLoad (2ms)
				EditorAssembliesLoaded (0ms)
			ExecutionOrderSort2 (0ms)
			AwakeInstancesAfterBackupRestoration (5ms)
Platform modules already initialized, skipping
========================================================================
Worker process is ready to serve import requests
Launched and connected shader compiler UnityShaderCompiler.exe after 0.02 seconds
Refreshing native plugins compatible for Editor in 0.49 ms, found 3 plugins.
Preloading 0 native plugins for Editor in 0.00 ms.
Unloading 3428 Unused Serialized files (Serialized files now loaded: 0)
Unloading 25 unused Assets / (55.5 KB). Loaded Objects now: 3896.
Memory consumption went from 121.2 MB to 121.1 MB.
Total: 2.910500 ms (FindLiveObjects: 0.241000 ms CreateObjectMapping: 0.177100 ms MarkObjects: 2.392500 ms  DeleteObjects: 0.098600 ms)

AssetImportParameters requested are different than current active one (requested -> active):
  custom:video-decoder-ogg-theora: a1e56fd34408186e4bbccfd4996cb3dc -> 
  custom:container-muxer-webm: aa71ff27fc2769a1b78a27578f13a17b -> 
  custom:container-demuxer-webm: 4f35f7cbe854078d1ac9338744f61a02 -> 
  custom:video-encoder-webm-vp8: eb34c28f22e8b96e1ab97ce403110664 -> 
  custom:audio-encoder-webm-vorbis: bf7c407c2cedff20999df2af8eb42d56 -> 
  custom:framework-win-MediaFoundation: 216162199b28c13a410421893ffa2e32 -> 
  custom:container-demuxer-ogg: 62fdf1f143b41e24485cea50d1cbac27 -> 
  custom:video-decoder-webm-vp8: 9c59270c3fd7afecdb556c50c9e8de78 -> 
  custom:audio-decoder-ogg-vorbis: bf7c407c2cedff20999df2af8eb42d56 -> 
========================================================================
Received Import Request.
  Time since last request: 49392.679997 seconds.
  path: Assets/Scenes/FXIFIED/common/Shaders
  artifactKey: Guid(516471e86618dce48a7aa1ff42ec4982) Importer(815301076,1909f56bfc062723c751e8b465ee728b)
Start importing Assets/Scenes/FXIFIED/common/Shaders using Guid(516471e86618dce48a7aa1ff42ec4982) Importer(815301076,1909f56bfc062723c751e8b465ee728b)  -> (artifact id: 'f5b5494432cabb293d528ffbb3daa7a4') in 0.004643 seconds 
========================================================================
Received Import Request.
  Time since last request: 0.000014 seconds.
  path: Assets/Scenes/FXIFIED/common/Shaders/RimLight.shader
  artifactKey: Guid(bc992512c7ee89d41aadf27228675e0b) Importer(815301076,1909f56bfc062723c751e8b465ee728b)
Start importing Assets/Scenes/FXIFIED/common/Shaders/RimLight.shader using Guid(bc992512c7ee89d41aadf27228675e0b) Importer(815301076,1909f56bfc062723c751e8b465ee728b)  -> (artifact id: '9ebd3c8590bbbb0eecae660b66a347e0') in 0.026221 seconds 
========================================================================
Received Import Request.
  Time since last request: 73.893396 seconds.
  path: Assets/Scenes/FXIFIED/common/Extras/Grid.FBX
  artifactKey: Guid(1ec7bca34e7eb6042bd616ae97db25f2) Importer(815301076,1909f56bfc062723c751e8b465ee728b)
Start importing Assets/Scenes/FXIFIED/common/Extras/Grid.FBX using Guid(1ec7bca34e7eb6042bd616ae97db25f2) Importer(815301076,1909f56bfc062723c751e8b465ee728b)  -> (artifact id: '0e3dbfffd934840f3bc3df1dd51d6804') in 0.091525 seconds 
========================================================================
Received Import Request.
  Time since last request: 1.501858 seconds.
  path: Assets/Scenes/FXIFIED/Stylized VFX Free Pack/Prefabs/FX_PowerUp_Coin_AA.prefab
  artifactKey: Guid(e5f1eef7b6e2da44693588fda571bc04) Importer(815301076,1909f56bfc062723c751e8b465ee728b)
Start importing Assets/Scenes/FXIFIED/Stylized VFX Free Pack/Prefabs/FX_PowerUp_Coin_AA.prefab using Guid(e5f1eef7b6e2da44693588fda571bc04) Importer(815301076,1909f56bfc062723c751e8b465ee728b)  -> (artifact id: '37b3dfc92a72c3f94a4e27ec99b95017') in 0.017257 seconds 
========================================================================
Received Import Request.
  Time since last request: 11.229740 seconds.
  path: Assets/Scenes/FXIFIED/Stylized VFX Free Pack/Prefabs/FX_PowerUp_Coin_AA.prefab
  artifactKey: Guid(e5f1eef7b6e2da44693588fda571bc04) Importer(815301076,1909f56bfc062723c751e8b465ee728b)
Start importing Assets/Scenes/FXIFIED/Stylized VFX Free Pack/Prefabs/FX_PowerUp_Coin_AA.prefab using Guid(e5f1eef7b6e2da44693588fda571bc04) Importer(815301076,1909f56bfc062723c751e8b465ee728b)  -> (artifact id: '15bce6fbbb92b6a0ec09c122030b9adc') in 0.012646 seconds 
========================================================================
Received Import Request.
  Time since last request: 8.876230 seconds.
  path: Assets/Scenes/FXIFIED/Stylized VFX Free Pack/Prefabs/FX_PowerUp_Coin_AA.prefab
  artifactKey: Guid(e5f1eef7b6e2da44693588fda571bc04) Importer(815301076,1909f56bfc062723c751e8b465ee728b)
Start importing Assets/Scenes/FXIFIED/Stylized VFX Free Pack/Prefabs/FX_PowerUp_Coin_AA.prefab using Guid(e5f1eef7b6e2da44693588fda571bc04) Importer(815301076,1909f56bfc062723c751e8b465ee728b)  -> (artifact id: '66bfe5f45d95855d64280cda6124d721') in 0.010274 seconds 
========================================================================
Received Import Request.
  Time since last request: 24.051277 seconds.
  path: Assets/Scenes/FXIFIED/Stylized VFX Free Pack/Prefabs/FX_PowerUp_Coin_AA.prefab
  artifactKey: Guid(e5f1eef7b6e2da44693588fda571bc04) Importer(815301076,1909f56bfc062723c751e8b465ee728b)
Start importing Assets/Scenes/FXIFIED/Stylized VFX Free Pack/Prefabs/FX_PowerUp_Coin_AA.prefab using Guid(e5f1eef7b6e2da44693588fda571bc04) Importer(815301076,1909f56bfc062723c751e8b465ee728b)  -> (artifact id: '32cbc62f94bc058af635ccf8c169a218') in 0.012479 seconds 
========================================================================
Received Import Request.
  Time since last request: 4.210397 seconds.
  path: Assets/Scenes/FXIFIED/Stylized VFX Free Pack/Prefabs/FX_PowerUp_Coin_AA.prefab
  artifactKey: Guid(e5f1eef7b6e2da44693588fda571bc04) Importer(815301076,1909f56bfc062723c751e8b465ee728b)
Start importing Assets/Scenes/FXIFIED/Stylized VFX Free Pack/Prefabs/FX_PowerUp_Coin_AA.prefab using Guid(e5f1eef7b6e2da44693588fda571bc04) Importer(815301076,1909f56bfc062723c751e8b465ee728b)  -> (artifact id: 'a0d45fc177d770dbac6740f94f8dbdb8') in 0.012476 seconds 
========================================================================
Received Import Request.
  Time since last request: 0.589928 seconds.
  path: Assets/Scenes/FXIFIED/Stylized VFX Free Pack/Prefabs/FX_PowerUp_Coin_AA.prefab
  artifactKey: Guid(e5f1eef7b6e2da44693588fda571bc04) Importer(815301076,1909f56bfc062723c751e8b465ee728b)
Start importing Assets/Scenes/FXIFIED/Stylized VFX Free Pack/Prefabs/FX_PowerUp_Coin_AA.prefab using Guid(e5f1eef7b6e2da44693588fda571bc04) Importer(815301076,1909f56bfc062723c751e8b465ee728b)  -> (artifact id: '0531090d416dbe46f619e5a4789c631e') in 0.012778 seconds 
========================================================================
Received Import Request.
  Time since last request: 6.738741 seconds.
  path: Assets/Scenes/FXIFIED/Stylized VFX Free Pack/Prefabs/FX_PowerUp_Coin_AA.prefab
  artifactKey: Guid(e5f1eef7b6e2da44693588fda571bc04) Importer(815301076,1909f56bfc062723c751e8b465ee728b)
Start importing Assets/Scenes/FXIFIED/Stylized VFX Free Pack/Prefabs/FX_PowerUp_Coin_AA.prefab using Guid(e5f1eef7b6e2da44693588fda571bc04) Importer(815301076,1909f56bfc062723c751e8b465ee728b)  -> (artifact id: 'fb87c54dfc1959f0448868ab448549f8') in 0.014982 seconds 
========================================================================
Received Import Request.
  Time since last request: 19.506363 seconds.
  path: Assets/Scenes/FXIFIED/Stylized VFX Free Pack/Prefabs/FX_PowerUp_Coin_AA.prefab
  artifactKey: Guid(e5f1eef7b6e2da44693588fda571bc04) Importer(815301076,1909f56bfc062723c751e8b465ee728b)
Start importing Assets/Scenes/FXIFIED/Stylized VFX Free Pack/Prefabs/FX_PowerUp_Coin_AA.prefab using Guid(e5f1eef7b6e2da44693588fda571bc04) Importer(815301076,1909f56bfc062723c751e8b465ee728b)  -> (artifact id: 'adf8952306caebcb737d4b1b309ea496') in 0.011940 seconds 
========================================================================
Received Import Request.
  Time since last request: 17.660358 seconds.
  path: Assets/Scenes/FXIFIED/Stylized VFX Free Pack/Prefabs/FX_PowerUp_Coin_AA.prefab
  artifactKey: Guid(e5f1eef7b6e2da44693588fda571bc04) Importer(815301076,1909f56bfc062723c751e8b465ee728b)
Start importing Assets/Scenes/FXIFIED/Stylized VFX Free Pack/Prefabs/FX_PowerUp_Coin_AA.prefab using Guid(e5f1eef7b6e2da44693588fda571bc04) Importer(815301076,1909f56bfc062723c751e8b465ee728b)  -> (artifact id: 'f6796699532e018b43f2f64e5a25d45d') in 0.011736 seconds 
========================================================================
Received Import Request.
  Time since last request: 0.982393 seconds.
  path: Assets/Scenes/FXIFIED/Stylized VFX Free Pack/Prefabs/FX_PowerUp_Coin_AA.prefab
  artifactKey: Guid(e5f1eef7b6e2da44693588fda571bc04) Importer(815301076,1909f56bfc062723c751e8b465ee728b)
Start importing Assets/Scenes/FXIFIED/Stylized VFX Free Pack/Prefabs/FX_PowerUp_Coin_AA.prefab using Guid(e5f1eef7b6e2da44693588fda571bc04) Importer(815301076,1909f56bfc062723c751e8b465ee728b)  -> (artifact id: '00713e7c11653c7615693960ff945943') in 0.010579 seconds 
========================================================================
Received Import Request.
  Time since last request: 2.810537 seconds.
  path: Assets/Scenes/FXIFIED/Stylized VFX Free Pack/Prefabs/FX_PowerUp_Coin_AA.prefab
  artifactKey: Guid(e5f1eef7b6e2da44693588fda571bc04) Importer(815301076,1909f56bfc062723c751e8b465ee728b)
Start importing Assets/Scenes/FXIFIED/Stylized VFX Free Pack/Prefabs/FX_PowerUp_Coin_AA.prefab using Guid(e5f1eef7b6e2da44693588fda571bc04) Importer(815301076,1909f56bfc062723c751e8b465ee728b)  -> (artifact id: '7b7eb262c0af74bf161cd933e5763875') in 0.010757 seconds 
========================================================================
Received Import Request.
  Time since last request: 0.611660 seconds.
  path: Assets/Scenes/FXIFIED/Stylized VFX Free Pack/Prefabs/FX_PowerUp_Coin_AA.prefab
  artifactKey: Guid(e5f1eef7b6e2da44693588fda571bc04) Importer(815301076,1909f56bfc062723c751e8b465ee728b)
Start importing Assets/Scenes/FXIFIED/Stylized VFX Free Pack/Prefabs/FX_PowerUp_Coin_AA.prefab using Guid(e5f1eef7b6e2da44693588fda571bc04) Importer(815301076,1909f56bfc062723c751e8b465ee728b)  -> (artifact id: 'a0bf5f4940debd4f5313703dd91caa2c') in 0.011521 seconds 
========================================================================
Received Import Request.
  Time since last request: 1.163926 seconds.
  path: Assets/Scenes/FXIFIED/Stylized VFX Free Pack/Prefabs/FX_PowerUp_Coin_AA.prefab
  artifactKey: Guid(e5f1eef7b6e2da44693588fda571bc04) Importer(815301076,1909f56bfc062723c751e8b465ee728b)
Start importing Assets/Scenes/FXIFIED/Stylized VFX Free Pack/Prefabs/FX_PowerUp_Coin_AA.prefab using Guid(e5f1eef7b6e2da44693588fda571bc04) Importer(815301076,1909f56bfc062723c751e8b465ee728b)  -> (artifact id: '941d34e18cb56df8be575e1ab9641af6') in 0.013790 seconds 
